  DbHandler.cpp
C:\Users\Giuli\source\repos\AutoParking_Server\External Libraries\Crow\crow_all.h(777,20): warning C4267: '=': conversione da 'size_t' a 'int'. Possibile perdita di dati.
C:\Users\Giuli\source\repos\AutoParking_Server\External Libraries\Crow\crow_all.h(1030,92): warning C4267: 'argomento': conversione da 'size_t' a 'int'. Possibile perdita di dati.
C:\Users\Giuli\source\repos\AutoParking_Server\External Libraries\Crow\crow_all.h(1066,94): warning C4267: 'argomento': conversione da 'size_t' a 'int'. Possibile perdita di dati.
C:\Users\Giuli\source\repos\AutoParking_Server\External Libraries\Crow\crow_all.h(1105,112): warning C4267: 'argomento': conversione da 'size_t' a 'int'. Possibile perdita di dati.
  Please define _WIN32_WINNT or _WIN32_WINDOWS appropriately. For example:
  - add -D_WIN32_WINNT=0x0601 to the compiler command line; or
  - add _WIN32_WINNT=0x0601 to your project's Preprocessor Definitions.
  Assuming _WIN32_WINNT=0x0601 (i.e. Windows 7 target).
C:\Users\Giuli\source\repos\AutoParking_Server\External Libraries\Crow\crow_all.h(2131,39): warning C4267: 'inizializzazione': conversione da 'size_t' a 'unsigned int'. Possibile perdita di dati.
C:\Users\Giuli\source\repos\AutoParking_Server\External Libraries\Crow\crow_all.h(3268,23): warning C4267: 'inizializzazione': conversione da 'size_t' a 'int'. Possibile perdita di dati.
C:\Users\Giuli\source\repos\AutoParking_Server\External Libraries\Crow\crow_all.h(4932,32): warning C4244: '=': conversione da '__int64' a 'unsigned long'. Possibile perdita di dati.
C:\Users\Giuli\source\repos\AutoParking_Server\External Libraries\Crow\crow_all.h(4952,32): warning C4244: '=': conversione da '__int64' a 'unsigned long'. Possibile perdita di dati.
C:\Users\Giuli\source\repos\AutoParking_Server\External Libraries\Crow\crow_all.h(7840,35): warning C4267: 'argomento': conversione da 'size_t' a 'uint32_t'. Possibile perdita di dati.
C:\Users\Giuli\source\repos\AutoParking_Server\External Libraries\Crow\crow_all.h(8300,32): warning C4267: 'return': conversione da 'size_t' a 'int'. Possibile perdita di dati.
C:\Users\Giuli\source\repos\AutoParking_Server\External Libraries\Crow\crow_all.h(8638,33): warning C4267: 'inizializzazione': conversione da 'size_t' a 'int'. Possibile perdita di dati.
C:\Users\Giuli\source\repos\AutoParking_Server\External Libraries\Crow\crow_all.h(8657,48): warning C4267: '=': conversione da 'size_t' a 'int'. Possibile perdita di dati.
C:\Users\Giuli\source\repos\AutoParking_Server\External Libraries\Crow\crow_all.h(8659,53): warning C4267: 'argomento': conversione da 'size_t' a '_Ty'. Possibile perdita di dati.
          with
          [
              _Ty=int
          ]
C:\Users\Giuli\source\repos\AutoParking_Server\External Libraries\Crow\crow_all.h(8762,94): warning C4267: 'argomento': conversione da 'size_t' a 'int'. Possibile perdita di dati.
C:\Users\Giuli\source\repos\AutoParking_Server\External Libraries\Crow\crow_all.h(8908,54): warning C4267: 'argomento': conversione da 'size_t' a 'int'. Possibile perdita di dati.
C:\Users\Giuli\source\repos\AutoParking_Server\External Libraries\Crow\crow_all.h(8919,54): warning C4267: 'argomento': conversione da 'size_t' a 'int'. Possibile perdita di dati.
C:\Users\Giuli\source\repos\AutoParking_Server\External Libraries\Crow\crow_all.h(8931,54): warning C4267: 'argomento': conversione da 'size_t' a 'int'. Possibile perdita di dati.
C:\Users\Giuli\source\repos\AutoParking_Server\External Libraries\Crow\crow_all.h(8942,54): warning C4267: 'argomento': conversione da 'size_t' a 'int'. Possibile perdita di dati.
C:\Users\Giuli\source\repos\AutoParking_Server\External Libraries\Crow\crow_all.h(9004,60): warning C4267: '=': conversione da 'size_t' a 'int'. Possibile perdita di dati.
C:\Users\Giuli\source\repos\AutoParking_Server\External Libraries\Crow\crow_all.h(9104,28): warning C4267: 'inizializzazione': conversione da 'size_t' a 'int'. Possibile perdita di dati.
C:\Users\Giuli\source\repos\AutoParking_Server\External Libraries\Crow\crow_all.h(10070,70): warning C4244: 'argomento': conversione da '__int64' a 'unsigned int'. Possibile perdita di dati.
C:\Users\Giuli\source\repos\AutoParking_Server\External Libraries\Crow\crow_all.h(10091,70): warning C4244: 'argomento': conversione da '__int64' a 'unsigned int'. Possibile perdita di dati.
C:\Users\Giuli\source\repos\AutoParking_Server\External Libraries\Crow\crow_all.h(10112,70): warning C4244: 'argomento': conversione da '__int64' a 'unsigned int'. Possibile perdita di dati.
C:\Users\Giuli\source\repos\AutoParking_Server\External Libraries\Crow\crow_all.h(10134,61): warning C4267: 'argomento': conversione da 'size_t' a 'unsigned int'. Possibile perdita di dati.
C:\Users\Giuli\source\repos\AutoParking_Server\External Libraries\Crow\crow_all.h(10150,61): warning C4267: 'argomento': conversione da 'size_t' a 'unsigned int'. Possibile perdita di dati.
C:\Users\Giuli\source\repos\AutoParking_Server\External Libraries\Crow\crow_all.h(10165,61): warning C4267: 'argomento': conversione da 'size_t' a 'unsigned int'. Possibile perdita di dati.
C:\Users\Giuli\source\repos\AutoParking_Server\External Libraries\Crow\crow_all.h(10215,53): warning C4267: '+=': conversione da 'size_t' a 'unsigned int'. Possibile perdita di dati.
C:\Users\Giuli\source\repos\AutoParking_Server\External Libraries\Crow\crow_all.h(10226,45): warning C4267: '+=': conversione da 'size_t' a 'unsigned int'. Possibile perdita di dati.
C:\Users\Giuli\source\repos\AutoParking_Server\External Libraries\Crow\crow_all.h(10272,36): warning C4267: '+=': conversione da 'size_t' a 'unsigned int'. Possibile perdita di dati.
C:\Users\Giuli\source\repos\AutoParking_Server\External Libraries\Crow\crow_all.h(10275,33): warning C4267: '+=': conversione da 'size_t' a 'unsigned int'. Possibile perdita di dati.
C:\Users\Giuli\source\repos\AutoParking_Server\External Libraries\Crow\crow_all.h(10474,101): warning C4267: 'argomento': conversione da 'size_t' a 'unsigned int'. Possibile perdita di dati.
C:\Users\Giuli\source\repos\AutoParking_Server\External Libraries\Crow\crow_all.h(10474,87): warning C4267: 'argomento': conversione da 'size_t' a 'uint16_t'. Possibile perdita di dati.
C:\Users\Giuli\source\repos\AutoParking_Server\External Libraries\Crow\crow_all.h(10480,118): warning C4267: 'argomento': conversione da 'size_t' a 'unsigned int'. Possibile perdita di dati.
C:\Users\Giuli\source\repos\AutoParking_Server\External Libraries\Crow\crow_all.h(10529,100): warning C4267: 'argomento': conversione da 'size_t' a 'unsigned int'. Possibile perdita di dati.
C:\Users\Giuli\source\repos\AutoParking_Server\External Libraries\Crow\crow_all.h(10690,24): warning C4267: 'inizializzazione': conversione da 'size_t' a 'int'. Possibile perdita di dati.
     Creazione della libreria C:\Users\Giuli\source\repos\AutoParking_Server\x64\Release\AutoParking_Server.lib e dell'oggetto C:\Users\Giuli\source\repos\AutoParking_Server\x64\Release\AutoParking_Server.exp
  Generazione codice in corso...
  2 of 6726 functions (<0.1%) were compiled, the rest were copied from previous compilation.
    0 functions were new in current compilation
    12 functions had inline decision re-evaluated but remain unchanged
  Generazione codice terminata
mysqlcppconn-static.lib(mysql_driver.obj) : warning LNK4099: impossibile trovare il PDB '' con 'mysqlcppconn-static.lib(mysql_driver.obj)' o in ''; oggetto collegato senza informazioni di debug
mysqlcppconn-static.lib(mysql_connection.obj) : warning LNK4099: impossibile trovare il PDB '' con 'mysqlcppconn-static.lib(mysql_connection.obj)' o in ''; oggetto collegato senza informazioni di debug
mysqlcppconn-static.lib(mysql_native_driver_wrapper.obj) : warning LNK4099: impossibile trovare il PDB '' con 'mysqlcppconn-static.lib(mysql_native_driver_wrapper.obj)' o in ''; oggetto collegato senza informazioni di debug
mysqlcppconn-static.lib(mysql_uri.obj) : warning LNK4099: impossibile trovare il PDB '' con 'mysqlcppconn-static.lib(mysql_uri.obj)' o in ''; oggetto collegato senza informazioni di debug
mysqlcppconn-static.lib(mysql_metadata.obj) : warning LNK4099: impossibile trovare il PDB '' con 'mysqlcppconn-static.lib(mysql_metadata.obj)' o in ''; oggetto collegato senza informazioni di debug
mysqlcppconn-static.lib(mysql_warning.obj) : warning LNK4099: impossibile trovare il PDB '' con 'mysqlcppconn-static.lib(mysql_warning.obj)' o in ''; oggetto collegato senza informazioni di debug
mysqlcppconn-static.lib(mysql_prepared_statement.obj) : warning LNK4099: impossibile trovare il PDB '' con 'mysqlcppconn-static.lib(mysql_prepared_statement.obj)' o in ''; oggetto collegato senza informazioni di debug
mysqlcppconn-static.lib(mysql_statement.obj) : warning LNK4099: impossibile trovare il PDB '' con 'mysqlcppconn-static.lib(mysql_statement.obj)' o in ''; oggetto collegato senza informazioni di debug
mysqlcppconn-static.lib(mysql_debug.obj) : warning LNK4099: impossibile trovare il PDB '' con 'mysqlcppconn-static.lib(mysql_debug.obj)' o in ''; oggetto collegato senza informazioni di debug
mysqlcppconn-static.lib(mysql_client_api.obj) : warning LNK4099: impossibile trovare il PDB '' con 'mysqlcppconn-static.lib(mysql_client_api.obj)' o in ''; oggetto collegato senza informazioni di debug
mysqlcppconn-static.lib(mysql_native_connection_wrapper.obj) : warning LNK4099: impossibile trovare il PDB '' con 'mysqlcppconn-static.lib(mysql_native_connection_wrapper.obj)' o in ''; oggetto collegato senza informazioni di debug
mysqlcppconn-static.lib(mysql_util.obj) : warning LNK4099: impossibile trovare il PDB '' con 'mysqlcppconn-static.lib(mysql_util.obj)' o in ''; oggetto collegato senza informazioni di debug
mysqlcppconn-static.lib(mysql_art_resultset.obj) : warning LNK4099: impossibile trovare il PDB '' con 'mysqlcppconn-static.lib(mysql_art_resultset.obj)' o in ''; oggetto collegato senza informazioni di debug
mysqlcppconn-static.lib(mysql_resultbind.obj) : warning LNK4099: impossibile trovare il PDB '' con 'mysqlcppconn-static.lib(mysql_resultbind.obj)' o in ''; oggetto collegato senza informazioni di debug
mysqlcppconn-static.lib(mysql_ps_resultset.obj) : warning LNK4099: impossibile trovare il PDB '' con 'mysqlcppconn-static.lib(mysql_ps_resultset.obj)' o in ''; oggetto collegato senza informazioni di debug
mysqlcppconn-static.lib(mysql_ps_resultset_metadata.obj) : warning LNK4099: impossibile trovare il PDB '' con 'mysqlcppconn-static.lib(mysql_ps_resultset_metadata.obj)' o in ''; oggetto collegato senza informazioni di debug
mysqlcppconn-static.lib(mysql_parameter_metadata.obj) : warning LNK4099: impossibile trovare il PDB '' con 'mysqlcppconn-static.lib(mysql_parameter_metadata.obj)' o in ''; oggetto collegato senza informazioni di debug
mysqlcppconn-static.lib(mysql_resultset.obj) : warning LNK4099: impossibile trovare il PDB '' con 'mysqlcppconn-static.lib(mysql_resultset.obj)' o in ''; oggetto collegato senza informazioni di debug
mysqlcppconn-static.lib(mysql_native_resultset_wrapper.obj) : warning LNK4099: impossibile trovare il PDB '' con 'mysqlcppconn-static.lib(mysql_native_resultset_wrapper.obj)' o in ''; oggetto collegato senza informazioni di debug
mysqlcppconn-static.lib(mysql_native_statement_wrapper.obj) : warning LNK4099: impossibile trovare il PDB '' con 'mysqlcppconn-static.lib(mysql_native_statement_wrapper.obj)' o in ''; oggetto collegato senza informazioni di debug
mysqlcppconn-static.lib(mysql_art_rset_metadata.obj) : warning LNK4099: impossibile trovare il PDB '' con 'mysqlcppconn-static.lib(mysql_art_rset_metadata.obj)' o in ''; oggetto collegato senza informazioni di debug
mysqlcppconn-static.lib(mysql_resultset_metadata.obj) : warning LNK4099: impossibile trovare il PDB '' con 'mysqlcppconn-static.lib(mysql_resultset_metadata.obj)' o in ''; oggetto collegato senza informazioni di debug
  AutoParking_Server.vcxproj -> C:\Users\Giuli\source\repos\AutoParking_Server\x64\Release\AutoParking_Server.exe
