  Piano.cpp
     Creazione della libreria C:\Users\Giuli\source\repos\AutoParking_Server\x64\Release\AutoParking_Server.lib e dell'oggetto C:\Users\Giuli\source\repos\AutoParking_Server\x64\Release\AutoParking_Server.exp
  Generazione codice in corso...
  2 of 6614 functions (<0.1%) were compiled, the rest were copied from previous compilation.
    0 functions were new in current compilation
    12 functions had inline decision re-evaluated but remain unchanged
  Generazione codice terminata
mysqlcppconn-static.lib(mysql_driver.obj) : warning LNK4099: impossibile trovare il PDB '' con 'mysqlcppconn-static.lib(mysql_driver.obj)' o in ''; oggetto collegato senza informazioni di debug
mysqlcppconn-static.lib(mysql_connection.obj) : warning LNK4099: impossibile trovare il PDB '' con 'mysqlcppconn-static.lib(mysql_connection.obj)' o in ''; oggetto collegato senza informazioni di debug
mysqlcppconn-static.lib(mysql_native_driver_wrapper.obj) : warning LNK4099: impossibile trovare il PDB '' con 'mysqlcppconn-static.lib(mysql_native_driver_wrapper.obj)' o in ''; oggetto collegato senza informazioni di debug
mysqlcppconn-static.lib(mysql_uri.obj) : warning LNK4099: impossibile trovare il PDB '' con 'mysqlcppconn-static.lib(mysql_uri.obj)' o in ''; oggetto collegato senza informazioni di debug
mysqlcppconn-static.lib(mysql_metadata.obj) : warning LNK4099: impossibile trovare il PDB '' con 'mysqlcppconn-static.lib(mysql_metadata.obj)' o in ''; oggetto collegato senza informazioni di debug
mysqlcppconn-static.lib(mysql_warning.obj) : warning LNK4099: impossibile trovare il PDB '' con 'mysqlcppconn-static.lib(mysql_warning.obj)' o in ''; oggetto collegato senza informazioni di debug
mysqlcppconn-static.lib(mysql_prepared_statement.obj) : warning LNK4099: impossibile trovare il PDB '' con 'mysqlcppconn-static.lib(mysql_prepared_statement.obj)' o in ''; oggetto collegato senza informazioni di debug
mysqlcppconn-static.lib(mysql_statement.obj) : warning LNK4099: impossibile trovare il PDB '' con 'mysqlcppconn-static.lib(mysql_statement.obj)' o in ''; oggetto collegato senza informazioni di debug
mysqlcppconn-static.lib(mysql_debug.obj) : warning LNK4099: impossibile trovare il PDB '' con 'mysqlcppconn-static.lib(mysql_debug.obj)' o in ''; oggetto collegato senza informazioni di debug
mysqlcppconn-static.lib(mysql_client_api.obj) : warning LNK4099: impossibile trovare il PDB '' con 'mysqlcppconn-static.lib(mysql_client_api.obj)' o in ''; oggetto collegato senza informazioni di debug
mysqlcppconn-static.lib(mysql_native_connection_wrapper.obj) : warning LNK4099: impossibile trovare il PDB '' con 'mysqlcppconn-static.lib(mysql_native_connection_wrapper.obj)' o in ''; oggetto collegato senza informazioni di debug
mysqlcppconn-static.lib(mysql_util.obj) : warning LNK4099: impossibile trovare il PDB '' con 'mysqlcppconn-static.lib(mysql_util.obj)' o in ''; oggetto collegato senza informazioni di debug
mysqlcppconn-static.lib(mysql_art_resultset.obj) : warning LNK4099: impossibile trovare il PDB '' con 'mysqlcppconn-static.lib(mysql_art_resultset.obj)' o in ''; oggetto collegato senza informazioni di debug
mysqlcppconn-static.lib(mysql_resultbind.obj) : warning LNK4099: impossibile trovare il PDB '' con 'mysqlcppconn-static.lib(mysql_resultbind.obj)' o in ''; oggetto collegato senza informazioni di debug
mysqlcppconn-static.lib(mysql_ps_resultset.obj) : warning LNK4099: impossibile trovare il PDB '' con 'mysqlcppconn-static.lib(mysql_ps_resultset.obj)' o in ''; oggetto collegato senza informazioni di debug
mysqlcppconn-static.lib(mysql_ps_resultset_metadata.obj) : warning LNK4099: impossibile trovare il PDB '' con 'mysqlcppconn-static.lib(mysql_ps_resultset_metadata.obj)' o in ''; oggetto collegato senza informazioni di debug
mysqlcppconn-static.lib(mysql_parameter_metadata.obj) : warning LNK4099: impossibile trovare il PDB '' con 'mysqlcppconn-static.lib(mysql_parameter_metadata.obj)' o in ''; oggetto collegato senza informazioni di debug
mysqlcppconn-static.lib(mysql_resultset.obj) : warning LNK4099: impossibile trovare il PDB '' con 'mysqlcppconn-static.lib(mysql_resultset.obj)' o in ''; oggetto collegato senza informazioni di debug
mysqlcppconn-static.lib(mysql_native_resultset_wrapper.obj) : warning LNK4099: impossibile trovare il PDB '' con 'mysqlcppconn-static.lib(mysql_native_resultset_wrapper.obj)' o in ''; oggetto collegato senza informazioni di debug
mysqlcppconn-static.lib(mysql_native_statement_wrapper.obj) : warning LNK4099: impossibile trovare il PDB '' con 'mysqlcppconn-static.lib(mysql_native_statement_wrapper.obj)' o in ''; oggetto collegato senza informazioni di debug
mysqlcppconn-static.lib(mysql_art_rset_metadata.obj) : warning LNK4099: impossibile trovare il PDB '' con 'mysqlcppconn-static.lib(mysql_art_rset_metadata.obj)' o in ''; oggetto collegato senza informazioni di debug
mysqlcppconn-static.lib(mysql_resultset_metadata.obj) : warning LNK4099: impossibile trovare il PDB '' con 'mysqlcppconn-static.lib(mysql_resultset_metadata.obj)' o in ''; oggetto collegato senza informazioni di debug
  AutoParking_Server.vcxproj -> C:\Users\Giuli\source\repos\AutoParking_Server\x64\Release\AutoParking_Server.exe
